<?xml version="1.0" encoding="UTF-8"?>
<!-- Generated by org.testng.reporters.JUnitReportReporter -->
<testsuite hostname="DESKTOP-FBMB0MM" failures="0" tests="3" name="com.comcast.contactTest.ContactTest" time="0.073" errors="0" timestamp="21 Sep 2021 11:25:16 GMT" skipped="0">
  <testcase classname="com.comcast.contactTest.ContactTest" name="createContactwithOrgTest" time="0.003"/>
  <testcase classname="com.comcast.contactTest.ContactTest" name="deleteContactTest" time="0.055"/>
  <testcase classname="com.comcast.contactTest.ContactTest" name="createContactTest" time="0.015"/>
</testsuite> <!-- com.comcast.contactTest.ContactTest -->
