<?xml version="1.0" encoding="UTF-8"?>
<!-- Generated by org.testng.reporters.JUnitReportReporter -->
<testsuite hostname="DESKTOP-FBMB0MM" failures="0" tests="3" name="com.comcast.orgTest.OrgTest" time="0.012" errors="0" timestamp="2021-09-22T18:15:16 IST" skipped="0">
  <testcase classname="com.comcast.orgTest.OrgTest" name="deleteOrgTest" time="0.001"/>
  <system-out/>
  <testcase classname="com.comcast.orgTest.OrgTest" name="createOrgwithIndustriesTest" time="0.001"/>
  <system-out/>
  <testcase classname="com.comcast.orgTest.OrgTest" name="createOrgTest" time="0.010"/>
  <system-out/>
</testsuite> <!-- com.comcast.orgTest.OrgTest -->
